<?xml version="1.0" encoding="UTF-8"?>
<!-- Generated by org.testng.reporters.JUnitXMLReporter -->
<testsuite ignored="3" hostname="DESKTOP-FMLQ74F" failures="0" tests="1" name="Default test" time="7.85" errors="0" timestamp="2025-10-02T18:24:28 IST">
  <testcase classname="Testscript.Login_Test" name="verifyLoginWithInvalidCredentials" time="2.777"/>
  <testcase classname="Testscript.Login_Test" name="verifyLoginWithvalidUsernameInvalidPassword" time="0.0">
    <ignored/>
  </testcase> <!-- verifyLoginWithvalidUsernameInvalidPassword -->
  <testcase classname="Testscript.Login_Test" name="verifyInvalidUsernameValidPassword" time="0.0">
    <ignored/>
  </testcase> <!-- verifyInvalidUsernameValidPassword -->
  <testcase classname="Testscript.Login_Test" name="verifyLoginWithValidCredential" time="0.0">
    <ignored/>
  </testcase> <!-- verifyLoginWithValidCredential -->
</testsuite> <!-- Default test -->
