<?xml version="1.0" encoding="UTF-8"?>
<!-- Generated by org.testng.reporters.JUnitXMLReporter -->
<testsuite ignored="4" hostname="DESKTOP-FMLQ74F" failures="0" tests="1" name="Default test" time="4.644" errors="0" timestamp="2025-09-29T17:19:58 IST">
  <testcase classname="Testscript.Login_Test" name="verifyInvalidUsernameValidPassword" time="0.611"/>
  <testcase classname="Testscript.Login_Test" name="verifyLoginWithInvalidUsernameValidPassword" time="0.0">
    <ignored/>
  </testcase> <!-- verifyLoginWithInvalidUsernameValidPassword -->
  <testcase classname="Testscript.Login_Test" name="verifyLoginWithValidCredential" time="0.0">
    <ignored/>
  </testcase> <!-- verifyLoginWithValidCredential -->
  <testcase classname="Testscript.Login_Test" name="verifyLoginWithvalidUsernameInvalidPassword" time="0.0">
    <ignored/>
  </testcase> <!-- verifyLoginWithvalidUsernameInvalidPassword -->
  <testcase classname="Testscript.Login_Test" name="verifyLoginWithInValidCredentials" time="0.0">
    <ignored/>
  </testcase> <!-- verifyLoginWithInValidCredentials -->
</testsuite> <!-- Default test -->
