<?xml version="1.0" encoding="UTF-8"?>
<testng-results ignored="0" total="1" passed="1" failed="0" skipped="0">
  <reporter-output>
  </reporter-output>
  <suite started-at="2025-09-25T18:45:54 IST" name="Default suite" finished-at="2025-09-25T18:45:54 IST" duration-ms="209">
    <groups>
    </groups>
    <test started-at="2025-09-25T18:45:54 IST" name="Default test" finished-at="2025-09-25T18:45:54 IST" duration-ms="209">
      <class name="seleniumBasics.TestNgAnnotation">
        <test-method is-config="true" signature="beforesuite()[pri:0, instance:seleniumBasics.TestNgAnnotation@217ed35e]" started-at="2025-09-25T18:45:54 IST" name="beforesuite" finished-at="2025-09-25T18:45:54 IST" duration-ms="36" status="PASS">
          <reporter-output>
          </reporter-output>
        </test-method> <!-- beforesuite -->
        <test-method is-config="true" signature="beforeTest()[pri:0, instance:seleniumBasics.TestNgAnnotation@217ed35e]" started-at="2025-09-25T18:45:54 IST" name="beforeTest" finished-at="2025-09-25T18:45:54 IST" duration-ms="5" status="PASS">
          <reporter-output>
          </reporter-output>
        </test-method> <!-- beforeTest -->
        <test-method is-config="true" signature="beforeclass()[pri:0, instance:seleniumBasics.TestNgAnnotation@217ed35e]" started-at="2025-09-25T18:45:54 IST" name="beforeclass" finished-at="2025-09-25T18:45:54 IST" duration-ms="4" status="PASS">
          <reporter-output>
          </reporter-output>
        </test-method> <!-- beforeclass -->
        <test-method is-config="true" signature="beforeMethod()[pri:0, instance:seleniumBasics.TestNgAnnotation@217ed35e]" started-at="2025-09-25T18:45:54 IST" name="beforeMethod" finished-at="2025-09-25T18:45:54 IST" duration-ms="4" status="PASS">
          <reporter-output>
          </reporter-output>
        </test-method> <!-- beforeMethod -->
        <test-method signature="SampleTest()[pri:0, instance:seleniumBasics.TestNgAnnotation@217ed35e]" started-at="2025-09-25T18:45:54 IST" name="SampleTest" finished-at="2025-09-25T18:45:54 IST" duration-ms="34" status="PASS">
          <reporter-output>
          </reporter-output>
        </test-method> <!-- SampleTest -->
        <test-method is-config="true" signature="afterMethod()[pri:0, instance:seleniumBasics.TestNgAnnotation@217ed35e]" started-at="2025-09-25T18:45:54 IST" name="afterMethod" finished-at="2025-09-25T18:45:54 IST" duration-ms="4" status="PASS">
          <reporter-output>
          </reporter-output>
        </test-method> <!-- afterMethod -->
        <test-method is-config="true" signature="afterclass()[pri:0, instance:seleniumBasics.TestNgAnnotation@217ed35e]" started-at="2025-09-25T18:45:54 IST" name="afterclass" finished-at="2025-09-25T18:45:54 IST" duration-ms="3" status="PASS">
          <reporter-output>
          </reporter-output>
        </test-method> <!-- afterclass -->
        <test-method is-config="true" signature="afterTest()[pri:0, instance:seleniumBasics.TestNgAnnotation@217ed35e]" started-at="2025-09-25T18:45:54 IST" name="afterTest" finished-at="2025-09-25T18:45:54 IST" duration-ms="9" status="PASS">
          <reporter-output>
          </reporter-output>
        </test-method> <!-- afterTest -->
        <test-method is-config="true" signature="Aftersuite()[pri:0, instance:seleniumBasics.TestNgAnnotation@217ed35e]" started-at="2025-09-25T18:45:55 IST" name="Aftersuite" finished-at="2025-09-25T18:45:55 IST" duration-ms="2" status="PASS">
          <reporter-output>
          </reporter-output>
        </test-method> <!-- Aftersuite -->
      </class> <!-- seleniumBasics.TestNgAnnotation -->
    </test> <!-- Default test -->
  </suite> <!-- Default suite -->
</testng-results>
