<?xml version="1.0" encoding="UTF-8"?>
<testng-results ignored="4" total="5" passed="1" failed="0" skipped="0">
  <reporter-output>
  </reporter-output>
  <suite started-at="2025-09-29T17:19:54 IST" name="Default suite" finished-at="2025-09-29T17:19:58 IST" duration-ms="4644">
    <groups>
    </groups>
    <test started-at="2025-09-29T17:19:54 IST" name="Default test" finished-at="2025-09-29T17:19:58 IST" duration-ms="4644">
      <class name="Testscript.Login_Test">
        <test-method is-config="true" signature="initialiZEBrowser()[pri:0, instance:Testscript.Login_Test@397fbdb]" started-at="2025-09-29T17:19:54 IST" name="initialiZEBrowser" finished-at="2025-09-29T17:19:57 IST" duration-ms="3624" status="PASS">
          <reporter-output>
          </reporter-output>
        </test-method> <!-- initialiZEBrowser -->
        <test-method signature="verifyInvalidUsernameValidPassword()[pri:0, instance:Testscript.Login_Test@397fbdb]" started-at="2025-09-29T17:19:57 IST" name="verifyInvalidUsernameValidPassword" finished-at="2025-09-29T17:19:58 IST" duration-ms="611" status="PASS">
          <reporter-output>
          </reporter-output>
        </test-method> <!-- verifyInvalidUsernameValidPassword -->
        <test-method is-config="true" signature="driverClose()[pri:0, instance:Testscript.Login_Test@397fbdb]" started-at="2025-09-29T17:19:58 IST" name="driverClose" finished-at="2025-09-29T17:19:58 IST" duration-ms="317" status="PASS">
          <reporter-output>
          </reporter-output>
        </test-method> <!-- driverClose -->
      </class> <!-- Testscript.Login_Test -->
    </test> <!-- Default test -->
  </suite> <!-- Default suite -->
</testng-results>
